<?xml version="1.0" encoding="UTF-8"?>
<!-- Generated by org.testng.reporters.JUnitXMLReporter -->
<testsuite hostname="DESKTOP-0IMA24S" ignored="0" name="Default test" tests="3" failures="0" timestamp="19 Sep 2018 19:39:15 GMT" time="43.698" errors="0">
  <testcase name="loginPageTitleTest" time="0.059" classname="com.crm.qa.testcases.LoginPageTest"/>
  <testcase name="crmLogoImageTest" time="0.1" classname="com.crm.qa.testcases.LoginPageTest"/>
  <testcase name="loginTest" time="8.751" classname="com.crm.qa.testcases.LoginPageTest"/>
</testsuite> <!-- Default test -->
